Here’s How To Get Free Tickets From Ticketmaster Without Really Even Trying
Parents Are Sharing This Hoax On Facebook Because Of What It Says About Kids These Days
That Story About A Tiger And A Goat Being Best Friends Might Be Fake Because Joy Isn't Real
It Turns Out Cambodia’s Ruling Family Is Shady AF
This Swimmer’s Husband Went Absolutely Nuts Cheering Her On
This Dumb And Racist Protest Caused A Panic By Pretending To Be An ISIS Attack
Four Loko Is Really Popular In China And Everything Is Terrible
This Hunter Killed A Bear With A Spear And People Are Furious
Holy Fucking Shit, Twitter Has Stickers Now
This Is Why A Conspiracy Theory About The Clintons Has Gone Viral In China
How A Hoax About Omar Mateen Telling His Wife He’s Gay Went Viral In Spanish
People Are Mad At This Newspaper Headline About Katie Ledecky
Snapchat Is About to Get Less Raw — And Way More Addictive
Aubrey Plaza Scares The Shit Out Of Children On Halloween
The Pictures Coming Out Of This Town Liberated From ISIS Are Stunning
You Just Stole $50 Million In Cryptocurrency — Now How The Hell Do You Spend It?
Lady Gaga Shook Hands With The Dalai Lama And Her Instagram Blew Up
Britain’s Completely Batshit Week Since Brexit, Explained For Americans
Australia’s Donald Trump Is A Woman Who Competed On “Dancing With The Stars”
There's A Twitter War Going On Between Rival Groups of Fake Football Journalists
These Two Divers From China Got Engaged Onstage At The Olympics
The Stray Marathon Dog That Went Missing In China Has Been Found
British Diplomats Say They’re “Fucked” Over Brexit
Zimbabwe’s Biggest City Shut Down To Protest Everything Going Wrong In Zimbabwe
A Seal Hid On A Whale-Watching Boat To Escape Hungry Orcas
This Anti-Racism Campaign is Being Accused of Racism Against White People
Meet The Nigerian Separatists Who Have Been Inspired By Brexit
Canada Has Politely Asked Americans To Please Stop Bringing Their Guns Here
A Syrian Refugee Who Swam For Her Life Just Won Her Olympics Heat
Puerto Rico’s First Gold Medalist Is Already A National Treasure
Here’s How Things Have Changed Since Australia Banned Same-Sex Marriage
Starbucks Can Add As Much Ice As It Wants, Judge Rules
Same-Sex Couples Held A “Big Gay Kiss-In” Protest At A Supermarket
This Photographer's Project is helping Canadian Families Reconnect with Relatives Lost in WWII
Alabama Congressman: Muslim Community wants to "Kill Every Homosexual" in the U.S