Newspaper Front Pages Mourn Death of British MP Jo Cox
Latin American Environmentalists Are Paying For Their Protests With Their Lives
Activists Tear Gassed, Detained At Turkish Transgender Pride Parade
Trump Says Profiling American Muslims Is “Common Sense”
Trump Promised Millions To Charity, But Gave Little To His Own Foundation
World Leaders React To Terror Attack On Istanbul Airport
Hackers Gain Access To Uber CEO Travis Kalanick’s Twitter
Airbnb Sues San Francisco Over Rental Rules
Elie Wiesel, Holocaust Survivor And Nobel Laureate, Dies At 87
A Man Was Beaten Outside The Same Mosque The Orlando Shooter Attended
Caltech Professor Who Harassed Students Will Not Return To Campus For Another Year
An NDP Staffer Fired For Political Disloyalty Has Lost Her Legal Fight
At Least 35 Reported Dead In Attack On Iraqi Shiite Holy Site
Facebook Once Again Blames Controversial Takedown On Technical Issues
Half A Million Hoverboards Pose An Explosion Risk, U.S. Government Says
Support For EU Membership Is On The Rise In Several Countries After Brexit
American Nazi Chair: Trump Win Would Be “A Real Opportunity” For White Nationalists
Terrorism Investigation Launched After Attack On Two Police Officers In Belgium
A British Army Officer Has Been Charged With Sexual Assault In Canada
Creation Of World’s Largest Marine Reserve In Hawaii Sparks Water Fight
Mother Charged After 6-Year-Old Son Beats Newborn Sister To Death
Judge Hears Case On Blocking Federal Protections For Transgender People
Video Shows Man Shot By Milwaukee Police Had Gun In His Hand, Mayor Says
A New York Community Is Struggling To Understand Why Two Muslims Were Killed
Texas Plan To Jail Fewer Poor People Infuriates Some Court Officers
A Texan Brought Zika Home After Traveling To Miami
Facebook Says Suspension Of Libertarian Groups Was An "Error"
Large Earthquake Strikes Italy, Mayor Says “Town Isn’t Here Anymore”
Prince’s Paisley Park Home To Open For Paid Public Tours
Donald Trump Used $55K Of Campaign Funds To Buy His Own Book
The RCMP’s New Dress Code Allows Women To Wear A Hijab If They Choose
Planned Parenthood Is Going To 25,000 Miami Homes To Warn About Zika And Sex
Advocacy Group Files FTC Complaint Over Kardashians’ Instagram Ads
In Blistering Speech, Hillary Clinton Links Trump With Racism, Fringe Movement
Brazilian Police Charge Ryan Lochte Over False Robbery Story